{"name": "test_login_valid", "status": "broken", "statusDetails": {"message": "selenium.common.exceptions.TimeoutException: Message: \nStacktrace:\n\tGetHandleVerifier [0x0x7ff75555e935+77845]\n\tGetHandleVerifier [0x0x7ff75555e990+77936]\n\t(No symbol) [0x0x7ff755319cda]\n\t(No symbol) [0x0x7ff7553706aa]\n\t(No symbol) [0x0x7ff75537095c]\n\t(No symbol) [0x0x7ff7553c3d07]\n\t(No symbol) [0x0x7ff75539890f]\n\t(No symbol) [0x0x7ff7553c0b07]\n\t(No symbol) [0x0x7ff7553986a3]\n\t(No symbol) [0x0x7ff755361791]\n\t(No symbol) [0x0x7ff755362523]\n\tGetHandleVerifier [0x0x7ff75583684d+3059501]\n\tGetHandleVerifier [0x0x7ff755830c0d+3035885]\n\tGetHandleVerifier [0x0x7ff755850400+3164896]\n\tGetHandleVerifier [0x0x7ff755578c3e+185118]\n\tGetHandleVerifier [0x0x7ff75558054f+216111]\n\tGetHandleVerifier [0x0x7ff7555672e4+113092]\n\tGetHandleVerifier [0x0x7ff755567499+113529]\n\tGetHandleVerifier [0x0x7ff75554e298+10616]\n\tBaseThreadInitThunk [0x0x7ffc629de8d7+23]\n\tRtlUserThreadStart [0x0x7ffc635dc34c+44]", "trace": "self = <test_login.TestLoginWeb object at 0x0000018917B0AC10>\n\n>   ???\n\nC:\\vy_python\\saucedemo_autotest\\tests\\test_login.py:15: \n_ _ _ _ _ _ _ _ _ _ _ _ _ _ _ _ _ _ _ _ _ _ _ _ _ _ _ _ _ _ _ _ _ _ _ _ _ _ _ _ _ _ _ _ _ _ _ _ _ _ _\npages\\login_page.py:18: in do_login\n    self.find(By.XPATH, self.PRODUCTS_TITLE_XPATH)\nbases\\base_page.py:14: in find\n    return WebDriverWait(self.driver, timeout).until(EC.presence_of_element_located((by, value)))\n           ^^^^^^^^^^^^^^^^^^^^^^^^^^^^^^^^^^^^^^^^^^^^^^^^^^^^^^^^^^^^^^^^^^^^^^^^^^^^^^^^^^^^^^\n_ _ _ _ _ _ _ _ _ _ _ _ _ _ _ _ _ _ _ _ _ _ _ _ _ _ _ _ _ _ _ _ _ _ _ _ _ _ _ _ _ _ _ _ _ _ _ _ _ _ _\n\nself = <selenium.webdriver.support.wait.WebDriverWait (session=\"9ca2046161b4803aae17e7f0c3cacf1f\")>\nmethod = <function presence_of_element_located.<locals>._predicate at 0x0000018917BEA200>\nmessage = ''\n\n    def until(self, method: Callable[[D], Union[Literal[False], T]], message: str = \"\") -> T:\n        \"\"\"Wait until the method returns a value that is not False.\n    \n        Calls the method provided with the driver as an argument until the\n        return value does not evaluate to ``False``.\n    \n        Parameters:\n        -----------\n        method: callable(WebDriver)\n            - A callable object that takes a WebDriver instance as an argument.\n    \n        message: str\n            - Optional message for :exc:`TimeoutException`\n    \n        Return:\n        -------\n        object: T\n            - The result of the last call to `method`\n    \n        Raises:\n        -------\n        TimeoutException\n            - If 'method' does not return a truthy value within the WebDriverWait\n            object's timeout\n    \n        Example:\n        --------\n        >>> from selenium.webdriver.common.by import By\n        >>> from selenium.webdriver.support.ui import WebDriverWait\n        >>> from selenium.webdriver.support import expected_conditions as EC\n    \n        # Wait until an element is visible on the page\n        >>> wait = WebDriverWait(driver, 10)\n        >>> element = wait.until(EC.visibility_of_element_located((By.ID, \"exampleId\")))\n        >>> print(element.text)\n        \"\"\"\n        screen = None\n        stacktrace = None\n    \n        end_time = time.monotonic() + self._timeout\n        while True:\n            try:\n                value = method(self._driver)\n                if value:\n                    return value\n            except self._ignored_exceptions as exc:\n                screen = getattr(exc, \"screen\", None)\n                stacktrace = getattr(exc, \"stacktrace\", None)\n            if time.monotonic() > end_time:\n                break\n            time.sleep(self._poll)\n>       raise TimeoutException(message, screen, stacktrace)\nE       selenium.common.exceptions.TimeoutException: Message: \nE       Stacktrace:\nE       \tGetHandleVerifier [0x0x7ff75555e935+77845]\nE       \tGetHandleVerifier [0x0x7ff75555e990+77936]\nE       \t(No symbol) [0x0x7ff755319cda]\nE       \t(No symbol) [0x0x7ff7553706aa]\nE       \t(No symbol) [0x0x7ff75537095c]\nE       \t(No symbol) [0x0x7ff7553c3d07]\nE       \t(No symbol) [0x0x7ff75539890f]\nE       \t(No symbol) [0x0x7ff7553c0b07]\nE       \t(No symbol) [0x0x7ff7553986a3]\nE       \t(No symbol) [0x0x7ff755361791]\nE       \t(No symbol) [0x0x7ff755362523]\nE       \tGetHandleVerifier [0x0x7ff75583684d+3059501]\nE       \tGetHandleVerifier [0x0x7ff755830c0d+3035885]\nE       \tGetHandleVerifier [0x0x7ff755850400+3164896]\nE       \tGetHandleVerifier [0x0x7ff755578c3e+185118]\nE       \tGetHandleVerifier [0x0x7ff75558054f+216111]\nE       \tGetHandleVerifier [0x0x7ff7555672e4+113092]\nE       \tGetHandleVerifier [0x0x7ff755567499+113529]\nE       \tGetHandleVerifier [0x0x7ff75554e298+10616]\nE       \tBaseThreadInitThunk [0x0x7ffc629de8d7+23]\nE       \tRtlUserThreadStart [0x0x7ffc635dc34c+44]\n\nC:\\Users\\THUS\\AppData\\Local\\Programs\\Python\\Python313\\Lib\\site-packages\\selenium\\webdriver\\support\\wait.py:138: TimeoutException"}, "attachments": [{"name": "Failure Screenshot", "source": "61b38c9e-6a55-4550-b884-d870b24470f2-attachment.png", "type": "image/png"}], "start": 1753599738671, "stop": 1753599749127, "uuid": "f24aa108-410b-4744-8c0c-ff470ba3e211", "historyId": "fa1e8a356caf3e31ce886507ffb95456", "testCaseId": "fa1e8a356caf3e31ce886507ffb95456", "fullName": "tests.test_login.TestLoginWeb#test_login_valid", "labels": [{"name": "severity", "value": "critical"}, {"name": "story", "value": "valid Login"}, {"name": "parentSuite", "value": "tests"}, {"name": "suite", "value": "test_login"}, {"name": "subSuite", "value": "TestLoginWeb"}, {"name": "host", "value": "LAPTOP-KO71J6JU"}, {"name": "thread", "value": "9364-MainThread"}, {"name": "framework", "value": "pytest"}, {"name": "language", "value": "cpython3"}, {"name": "package", "value": "tests.test_login"}]}